<?xml version="1.0" encoding="UTF-8"?>
<!-- Generated by org.testng.reporters.JUnitReportReporter -->
<testsuite skipped="0" hostname="ASHWINI-PC" name="testcases.Logintest" tests="1" failures="0" timestamp="15 Mar 2020 05:05:51 GMT" time="8.665" errors="0">
  <testcase name="test01" time="8.665" classname="testcases.Logintest"/>
</testsuite> <!-- testcases.Logintest -->
